MFXWithMoPub/Temp/gradleOut/MoPub.plugin/build/outputs/logs/manifest-merger-debug-report.txt
-- Merging decision tree log ---
manifest
ADDED from gradleOut/MoPub.plugin/AndroidManifest.xml:2:1-28:12
INJECTED from gradleOut/MoPub.plugin/AndroidManifest.xml:2:1-28:12
INJECTED from gradleOut/MoPub.plugin/AndroidManifest.xml:2:1-28:12
	package
		ADDED from gradleOut/MoPub.plugin/AndroidManifest.xml:2:11-46
		INJECTED from gradleOut/MoPub.plugin/AndroidManifest.xml
		INJECTED from gradleOut/MoPub.plugin/AndroidManifest.xml
	xmlns:android
		ADDED from gradleOut/MoPub.plugin/AndroidManifest.xml:2:47-105
uses-sdk
ADDED from gradleOut/MoPub.plugin/AndroidManifest.xml:3:5-43
INJECTED from gradleOut/MoPub.plugin/AndroidManifest.xml:3:5-43
INJECTED from gradleOut/MoPub.plugin/AndroidManifest.xml:3:5-43
	android:targetSdkVersion
		INJECTED from gradleOut/MoPub.plugin/AndroidManifest.xml
		ADDED from gradleOut/MoPub.plugin/AndroidManifest.xml:3:5-43
		INJECTED from gradleOut/MoPub.plugin/AndroidManifest.xml
	android:minSdkVersion
		ADDED from gradleOut/MoPub.plugin/AndroidManifest.xml:3:15-41
application
ADDED from gradleOut/MoPub.plugin/AndroidManifest.xml:5:5-23:19
uses-library#org.apache.http.legacy
ADDED from gradleOut/MoPub.plugin/AndroidManifest.xml:6:9-8:38
	android:required
		ADDED from gradleOut/MoPub.plugin/AndroidManifest.xml:8:11-35
	android:name
		ADDED from gradleOut/MoPub.plugin/AndroidManifest.xml:7:11-48
activity#com.mopub.mobileads.MoPubActivity
ADDED from gradleOut/MoPub.plugin/AndroidManifest.xml:11:9-12:82
	android:configChanges
		ADDED from gradleOut/MoPub.plugin/AndroidManifest.xml:12:19-80
	android:name
		ADDED from gradleOut/MoPub.plugin/AndroidManifest.xml:11:19-67
activity#com.mopub.mobileads.MraidActivity
ADDED from gradleOut/MoPub.plugin/AndroidManifest.xml:13:9-14:82
	android:configChanges
		ADDED from gradleOut/MoPub.plugin/AndroidManifest.xml:14:19-80
	android:name
		ADDED from gradleOut/MoPub.plugin/AndroidManifest.xml:13:19-67
activity#com.mopub.common.MoPubBrowser
ADDED from gradleOut/MoPub.plugin/AndroidManifest.xml:15:9-16:82
	android:configChanges
		ADDED from gradleOut/MoPub.plugin/AndroidManifest.xml:16:19-80
	android:name
		ADDED from gradleOut/MoPub.plugin/AndroidManifest.xml:15:19-63
activity#com.mopub.mobileads.MraidVideoPlayerActivity
ADDED from gradleOut/MoPub.plugin/AndroidManifest.xml:17:9-18:82
	android:configChanges
		ADDED from gradleOut/MoPub.plugin/AndroidManifest.xml:18:19-80
	android:name
		ADDED from gradleOut/MoPub.plugin/AndroidManifest.xml:17:19-78
activity#com.mopub.mobileads.RewardedMraidActivity
ADDED from gradleOut/MoPub.plugin/AndroidManifest.xml:19:9-20:82
	android:configChanges
		ADDED from gradleOut/MoPub.plugin/AndroidManifest.xml:20:19-80
	android:name
		ADDED from gradleOut/MoPub.plugin/AndroidManifest.xml:19:19-75
activity#com.mopub.common.privacy.ConsentDialogActivity
ADDED from gradleOut/MoPub.plugin/AndroidManifest.xml:21:9-22:82
	android:configChanges
		ADDED from gradleOut/MoPub.plugin/AndroidManifest.xml:22:19-80
	android:name
		ADDED from gradleOut/MoPub.plugin/AndroidManifest.xml:21:19-80
uses-permission#android.permission.INTERNET
ADDED from gradleOut/MoPub.plugin/AndroidManifest.xml:25:5-66
	android:name
		ADDED from gradleOut/MoPub.plugin/AndroidManifest.xml:25:22-64
uses-permission#android.permission.ACCESS_NETWORK_STATE
ADDED from gradleOut/MoPub.plugin/AndroidManifest.xml:26:5-78
	android:name
		ADDED from gradleOut/MoPub.plugin/AndroidManifest.xml:26:22-76
uses-permission#android.permission.ACCESS_FINE_LOCATION
ADDED from gradleOut/MoPub.plugin/AndroidManifest.xml:27:5-78
	android:name
		ADDED from gradleOut/MoPub.plugin/AndroidManifest.xml:27:22-76